d:\workproject\dentalortho_project\project\graphics\x64\drelease_debuggingnocgal\graphics.pch
d:\workproject\dentalortho_project\project\graphics\x64\drelease_debuggingnocgal\graphics.pdb
d:\workproject\dentalortho_project\project\graphics\x64\drelease_debuggingnocgal\stdafx.obj
d:\workproject\dentalortho_project\project\graphics\x64\drelease_debuggingnocgal\sparsemat.obj
d:\workproject\dentalortho_project\project\graphics\x64\drelease_debuggingnocgal\pca.obj
d:\workproject\dentalortho_project\project\graphics\x64\drelease_debuggingnocgal\matrixeigen.obj
d:\workproject\dentalortho_project\project\graphics\x64\drelease_debuggingnocgal\spacebox.obj
d:\workproject\dentalortho_project\project\graphics\x64\drelease_debuggingnocgal\pointsdata.obj
d:\workproject\dentalortho_project\project\graphics\x64\drelease_debuggingnocgal\meshdata.obj
d:\workproject\dentalortho_project\project\graphics\x64\drelease_debuggingnocgal\meshtopology.obj
d:\workproject\dentalortho_project\project\graphics\x64\drelease_debuggingnocgal\meshgrid.obj
d:\workproject\dentalortho_project\project\graphics\x64\drelease_debuggingnocgal\stlwriter.obj
d:\workproject\dentalortho_project\project\graphics\x64\drelease_debuggingnocgal\importerstl.obj
d:\workproject\dentalortho_project\project\graphics\x64\drelease_debuggingnocgal\sn3diomanager.obj
d:\workproject\dentalortho_project\project\graphics\x64\drelease_debuggingnocgal\plylib.obj
d:\workproject\dentalortho_project\project\graphics\x64\drelease_debuggingnocgal\importerply.obj
d:\workproject\dentalortho_project\project\graphics\x64\drelease_debuggingnocgal\objwriter.obj
d:\workproject\dentalortho_project\project\graphics\x64\drelease_debuggingnocgal\importerobj.obj
d:\workproject\dentalortho_project\project\graphics\x64\drelease_debuggingnocgal\meshiofilter.obj
d:\workproject\dentalortho_project\project\graphics\x64\drelease_debuggingnocgal\basewriter.obj
d:\workproject\dentalortho_project\project\graphics\x64\drelease_debuggingnocgal\basereader.obj
d:\workproject\dentalortho_project\project\graphics\x64\drelease_debuggingnocgal\importerasc.obj
d:\workproject\dentalortho_project\project\graphics\x64\drelease_debuggingnocgal\ascwriter.obj
d:\workproject\dentalortho_project\project\graphics\x64\drelease_debuggingnocgal\sn3drenderer.obj
d:\workproject\dentalortho_project\project\graphics\x64\drelease_debuggingnocgal\sn3dnewmeshrender.obj
d:\workproject\dentalortho_project\project\graphics\x64\drelease_debuggingnocgal\sn3dmeshrenderer.obj
d:\workproject\dentalortho_project\project\graphics\x64\drelease_debuggingnocgal\sn3dlinerenderer.obj
d:\workproject\dentalortho_project\project\graphics\x64\drelease_debuggingnocgal\sn3dgeometryrenderer.obj
d:\workproject\dentalortho_project\project\graphics\x64\drelease_debuggingnocgal\sn3dcurverenderer.obj
d:\workproject\dentalortho_project\project\graphics\x64\drelease_debuggingnocgal\sn3dcirclerenderer.obj
d:\workproject\dentalortho_project\project\graphics\x64\drelease_debuggingnocgal\scenesphereobj.obj
d:\workproject\dentalortho_project\project\graphics\x64\drelease_debuggingnocgal\sceneobject.obj
d:\workproject\dentalortho_project\project\graphics\x64\drelease_debuggingnocgal\scenemeshobj.obj
d:\workproject\dentalortho_project\project\graphics\x64\drelease_debuggingnocgal\scenelineobj.obj
d:\workproject\dentalortho_project\project\graphics\x64\drelease_debuggingnocgal\scenegeometryobj.obj
d:\workproject\dentalortho_project\project\graphics\x64\drelease_debuggingnocgal\scenecurveobj.obj
d:\workproject\dentalortho_project\project\graphics\x64\drelease_debuggingnocgal\glshape.obj
d:\workproject\dentalortho_project\project\graphics\x64\drelease_debuggingnocgal\scenecolormeshobj.obj
d:\workproject\dentalortho_project\project\graphics\x64\drelease_debuggingnocgal\scenecircleobj.obj
d:\workproject\dentalortho_project\project\graphics\x64\drelease_debuggingnocgal\objectmotion.obj
d:\workproject\dentalortho_project\project\graphics\x64\drelease_debuggingnocgal\axisicon.obj
d:\workproject\dentalortho_project\project\graphics\x64\drelease_debuggingnocgal\trackmode.obj
d:\workproject\dentalortho_project\project\graphics\x64\drelease_debuggingnocgal\trackball.obj
d:\workproject\dentalortho_project\project\graphics\x64\drelease_debuggingnocgal\texturegl.obj
d:\workproject\dentalortho_project\project\graphics\x64\drelease_debuggingnocgal\shader.obj
d:\workproject\dentalortho_project\project\graphics\x64\drelease_debuggingnocgal\scenegl3d.obj
d:\workproject\dentalortho_project\project\graphics\x64\drelease_debuggingnocgal\scenegl2d.obj
d:\workproject\dentalortho_project\project\graphics\x64\drelease_debuggingnocgal\scenegl.obj
d:\workproject\dentalortho_project\project\graphics\x64\drelease_debuggingnocgal\scenebaseobject.obj
d:\workproject\dentalortho_project\project\graphics\x64\drelease_debuggingnocgal\phongshader.obj
d:\workproject\dentalortho_project\project\graphics\x64\drelease_debuggingnocgal\opengldevice.obj
d:\workproject\dentalortho_project\project\graphics\x64\drelease_debuggingnocgal\lightcolorgl.obj
d:\workproject\dentalortho_project\project\graphics\x64\drelease_debuggingnocgal\interactorgl3d.obj
d:\workproject\dentalortho_project\project\graphics\x64\drelease_debuggingnocgal\greyshader.obj
d:\workproject\dentalortho_project\project\graphics\x64\drelease_debuggingnocgal\glslprogramobject.obj
d:\workproject\dentalortho_project\project\graphics\x64\drelease_debuggingnocgal\gldrawfont.obj
d:\workproject\dentalortho_project\project\graphics\x64\drelease_debuggingnocgal\camera.obj
d:\workproject\dentalortho_project\project\graphics\x64\drelease_debuggingnocgal\sn3dsphererenderer.obj
d:\workproject\dentalortho_project\project\graphics\x64\drelease_debuggingnocgal\splineshader.obj
d:\workproject\dentalortho_project\project\graphics\x64\drelease_debuggingnocgal\normalcolorshader.obj
d:\workproject\dentalortho_project\project\graphics\x64\drelease_debuggingnocgal\crystalshader.obj
d:\workproject\dentalortho_project\project\graphics\x64\drelease_debuggingnocgal\sn3drangerenderer.obj
d:\workproject\dentalortho_project\project\graphics\x64\drelease_debuggingnocgal\sn3dpointsrenderer.obj
d:\workproject\dentalortho_project\project\graphics\x64\drelease_debuggingnocgal\scenerangeobj.obj
d:\workproject\dentalortho_project\project\graphics\x64\drelease_debuggingnocgal\glprimitive.obj
d:\workproject\dentalortho_project\project\graphics\x64\drelease_debuggingnocgal\scenepointsobj.obj
d:\workproject\dentalortho_project\project\graphics\x64\drelease_debuggingnocgal\infobar.obj
d:\workproject\dentalortho_project\project\graphics\x64\drelease_debuggingnocgal\scenecoordsystemobj.obj
d:\workproject\dentalortho_project\project\graphics\x64\drelease_debuggingnocgal\colorbar.obj
d:\workproject\dentalortho_project\project\graphics\x64\drelease_debuggingnocgal\uniformgrid.obj
d:\workproject\dentalortho_project\project\graphics\x64\drelease_debuggingnocgal\spatialsubdivision.obj
d:\workproject\dentalortho_project\project\graphics\x64\drelease_debuggingnocgal\spacegrid.obj
d:\workproject\dentalortho_project\project\graphics\x64\drelease_debuggingnocgal\kdtree2.obj
d:\workproject\dentalortho_project\project\graphics\x64\drelease_debuggingnocgal\curvature.obj
d:\workproject\dentalortho_project\project\graphics\x64\drelease_debuggingnocgal\rangedata.obj
d:\workproject\dentalortho_project\lib\x64\graphics.lib
d:\workproject\dentalortho_project\project\graphics\..\..\lib\x64\graphics.lib
d:\workproject\dentalortho_project\project\graphics\x64\drelease_debuggingnocgal\graphics.tlog\cl.command.1.tlog
d:\workproject\dentalortho_project\project\graphics\x64\drelease_debuggingnocgal\graphics.tlog\cl.read.1.tlog
d:\workproject\dentalortho_project\project\graphics\x64\drelease_debuggingnocgal\graphics.tlog\cl.write.1.tlog
d:\workproject\dentalortho_project\project\graphics\x64\drelease_debuggingnocgal\graphics.tlog\lib-link.read.1.tlog
d:\workproject\dentalortho_project\project\graphics\x64\drelease_debuggingnocgal\graphics.tlog\lib-link.write.1.tlog
d:\workproject\dentalortho_project\project\graphics\x64\drelease_debuggingnocgal\graphics.tlog\lib.command.1.tlog
