d:\myproject\dlllibrary\fillhole\fillhole\x64\release\vc143.pdb
d:\myproject\dlllibrary\fillhole\fillhole\x64\release\fillholeinterface.obj
d:\myproject\dlllibrary\fillhole\fillhole\x64\release\fillhole.obj
d:\myproject\dlllibrary\fillhole\fillhole\x64\release\spacebox.obj
d:\myproject\dlllibrary\fillhole\fillhole\x64\release\pointsdata.obj
d:\myproject\dlllibrary\fillhole\fillhole\x64\release\meshtopology.obj
d:\myproject\dlllibrary\fillhole\fillhole\x64\release\meshdata.obj
d:\workproject\dentalortho_project\output\bin\x64_中文测试qml\fillhole.dll
d:\workproject\dentalortho_project\output\bin\x64_中文测试qml\fillhole.pdb
d:\workproject\dentalortho_project\output\bin\x64_中文测试qml\fillhole.lib
d:\workproject\dentalortho_project\output\bin\x64_中文测试qml\fillhole.exp
d:\myproject\dlllibrary\fillhole\fillhole\x64\release\fillhole.ipdb
d:\myproject\dlllibrary\fillhole\fillhole\x64\release\fillhole.iobj
d:\myproject\dlllibrary\fillhole\fillhole\x64\release\fillhole.tlog\cl.command.1.tlog
d:\myproject\dlllibrary\fillhole\fillhole\x64\release\fillhole.tlog\cl.items.tlog
d:\myproject\dlllibrary\fillhole\fillhole\x64\release\fillhole.tlog\cl.read.1.tlog
d:\myproject\dlllibrary\fillhole\fillhole\x64\release\fillhole.tlog\cl.write.1.tlog
d:\myproject\dlllibrary\fillhole\fillhole\x64\release\fillhole.tlog\link.command.1.tlog
d:\myproject\dlllibrary\fillhole\fillhole\x64\release\fillhole.tlog\link.read.1.tlog
d:\myproject\dlllibrary\fillhole\fillhole\x64\release\fillhole.tlog\link.secondary.1.tlog
d:\myproject\dlllibrary\fillhole\fillhole\x64\release\fillhole.tlog\link.write.1.tlog
