d:\workproject\dentalortho_project\project\graphics\x64\debug\graphicsd.pch
d:\workproject\dentalortho_project\project\graphics\x64\debug\graphicsd.pdb
d:\workproject\dentalortho_project\project\graphics\x64\debug\graphicsd.idb
d:\workproject\dentalortho_project\project\graphics\x64\debug\stdafx.obj
d:\workproject\dentalortho_project\project\graphics\x64\debug\sn3drangerenderer.obj
d:\workproject\dentalortho_project\project\graphics\x64\debug\sn3drenderer.obj
d:\workproject\dentalortho_project\project\graphics\x64\debug\sn3dsphererenderer.obj
d:\workproject\dentalortho_project\project\graphics\x64\debug\camera.obj
d:\workproject\dentalortho_project\project\graphics\x64\debug\crystalshader.obj
d:\workproject\dentalortho_project\project\graphics\x64\debug\gldrawfont.obj
d:\workproject\dentalortho_project\project\graphics\x64\debug\glslprogramobject.obj
d:\workproject\dentalortho_project\project\graphics\x64\debug\greyshader.obj
d:\workproject\dentalortho_project\project\graphics\x64\debug\interactorgl3d.obj
d:\workproject\dentalortho_project\project\graphics\x64\debug\lightcolorgl.obj
d:\workproject\dentalortho_project\project\graphics\x64\debug\normalcolorshader.obj
d:\workproject\dentalortho_project\project\graphics\x64\debug\opengldevice.obj
d:\workproject\dentalortho_project\project\graphics\x64\debug\phongshader.obj
d:\workproject\dentalortho_project\project\graphics\x64\debug\scenebaseobject.obj
d:\workproject\dentalortho_project\project\graphics\x64\debug\scenegl.obj
d:\workproject\dentalortho_project\project\graphics\x64\debug\scenegl2d.obj
d:\workproject\dentalortho_project\project\graphics\x64\debug\scenegl3d.obj
d:\workproject\dentalortho_project\project\graphics\x64\debug\shader.obj
d:\workproject\dentalortho_project\project\graphics\x64\debug\splineshader.obj
d:\workproject\dentalortho_project\project\graphics\x64\debug\texturegl.obj
d:\workproject\dentalortho_project\project\graphics\x64\debug\scenecolormeshobj.obj
d:\workproject\dentalortho_project\project\graphics\x64\debug\scenecoordsystemobj.obj
d:\workproject\dentalortho_project\project\graphics\x64\debug\glshape.obj
d:\workproject\dentalortho_project\project\graphics\x64\debug\infobar.obj
d:\workproject\dentalortho_project\project\graphics\x64\debug\scenecurveobj.obj
d:\workproject\dentalortho_project\project\graphics\x64\debug\scenegeometryobj.obj
d:\workproject\dentalortho_project\project\graphics\x64\debug\scenelineobj.obj
d:\workproject\dentalortho_project\project\graphics\x64\debug\scenemeshobj.obj
d:\workproject\dentalortho_project\project\graphics\x64\debug\sceneobject.obj
d:\workproject\dentalortho_project\project\graphics\x64\debug\scenepointsobj.obj
d:\workproject\dentalortho_project\project\graphics\x64\debug\glprimitive.obj
d:\workproject\dentalortho_project\project\graphics\x64\debug\scenerangeobj.obj
d:\workproject\dentalortho_project\project\graphics\x64\debug\scenesphereobj.obj
d:\workproject\dentalortho_project\project\graphics\x64\debug\sn3dcirclerenderer.obj
d:\workproject\dentalortho_project\project\graphics\x64\debug\sn3dcurverenderer.obj
d:\workproject\dentalortho_project\project\graphics\x64\debug\sn3dgeometryrenderer.obj
d:\workproject\dentalortho_project\project\graphics\x64\debug\sn3dlinerenderer.obj
d:\workproject\dentalortho_project\project\graphics\x64\debug\sn3dmeshrenderer.obj
d:\workproject\dentalortho_project\project\graphics\x64\debug\sn3dnewmeshrender.obj
d:\workproject\dentalortho_project\project\graphics\x64\debug\sn3dpointsrenderer.obj
d:\workproject\dentalortho_project\project\graphics\x64\debug\meshgrid.obj
d:\workproject\dentalortho_project\project\graphics\x64\debug\meshtopology.obj
d:\workproject\dentalortho_project\project\graphics\x64\debug\meshdata.obj
d:\workproject\dentalortho_project\project\graphics\x64\debug\pointsdata.obj
d:\workproject\dentalortho_project\project\graphics\x64\debug\rangedata.obj
d:\workproject\dentalortho_project\project\graphics\x64\debug\curvature.obj
d:\workproject\dentalortho_project\project\graphics\x64\debug\kdtree2.obj
d:\workproject\dentalortho_project\project\graphics\x64\debug\spacebox.obj
d:\workproject\dentalortho_project\project\graphics\x64\debug\spacegrid.obj
d:\workproject\dentalortho_project\project\graphics\x64\debug\spatialsubdivision.obj
d:\workproject\dentalortho_project\project\graphics\x64\debug\uniformgrid.obj
d:\workproject\dentalortho_project\project\graphics\x64\debug\matrixeigen.obj
d:\workproject\dentalortho_project\project\graphics\x64\debug\pca.obj
d:\workproject\dentalortho_project\project\graphics\x64\debug\sparsemat.obj
d:\workproject\dentalortho_project\project\graphics\x64\debug\trackball.obj
d:\workproject\dentalortho_project\project\graphics\x64\debug\trackmode.obj
d:\workproject\dentalortho_project\project\graphics\x64\debug\axisicon.obj
d:\workproject\dentalortho_project\project\graphics\x64\debug\colorbar.obj
d:\workproject\dentalortho_project\project\graphics\x64\debug\objectmotion.obj
d:\workproject\dentalortho_project\project\graphics\x64\debug\scenecircleobj.obj
d:\workproject\dentalortho_project\project\graphics\x64\debug\ascwriter.obj
d:\workproject\dentalortho_project\project\graphics\x64\debug\importerasc.obj
d:\workproject\dentalortho_project\project\graphics\x64\debug\basereader.obj
d:\workproject\dentalortho_project\project\graphics\x64\debug\basewriter.obj
d:\workproject\dentalortho_project\project\graphics\x64\debug\meshiofilter.obj
d:\workproject\dentalortho_project\project\graphics\x64\debug\importerobj.obj
d:\workproject\dentalortho_project\project\graphics\x64\debug\objwriter.obj
d:\workproject\dentalortho_project\project\graphics\x64\debug\importerply.obj
d:\workproject\dentalortho_project\project\graphics\x64\debug\plylib.obj
d:\workproject\dentalortho_project\project\graphics\x64\debug\sn3diomanager.obj
d:\workproject\dentalortho_project\project\graphics\x64\debug\importerstl.obj
d:\workproject\dentalortho_project\project\graphics\x64\debug\stlwriter.obj
d:\workproject\dentalortho_project\lib\x64\graphicsd.lib
d:\workproject\dentalortho_project\project\graphics\..\..\lib\x64\graphicsd.lib
d:\workproject\dentalortho_project\project\graphics\x64\debug\graphics.tlog\cl.command.1.tlog
d:\workproject\dentalortho_project\project\graphics\x64\debug\graphics.tlog\cl.read.1.tlog
d:\workproject\dentalortho_project\project\graphics\x64\debug\graphics.tlog\cl.write.1.tlog
d:\workproject\dentalortho_project\project\graphics\x64\debug\graphics.tlog\lib-link.read.1.tlog
d:\workproject\dentalortho_project\project\graphics\x64\debug\graphics.tlog\lib-link.write.1.tlog
d:\workproject\dentalortho_project\project\graphics\x64\debug\graphics.tlog\lib.command.1.tlog
