d:\workproject\dentalortho_project\project\graphics\x64\release\graphics.pch
d:\workproject\dentalortho_project\project\graphics\x64\release\stdafx.obj
d:\workproject\dentalortho_project\project\graphics\x64\release\sparsemat.obj
d:\workproject\dentalortho_project\project\graphics\x64\release\pca.obj
d:\workproject\dentalortho_project\project\graphics\x64\release\matrixeigen.obj
d:\workproject\dentalortho_project\project\graphics\x64\release\spacebox.obj
d:\workproject\dentalortho_project\project\graphics\x64\release\pointsdata.obj
d:\workproject\dentalortho_project\project\graphics\x64\release\meshdata.obj
d:\workproject\dentalortho_project\project\graphics\x64\release\meshtopology.obj
d:\workproject\dentalortho_project\project\graphics\x64\release\meshgrid.obj
d:\workproject\dentalortho_project\project\graphics\x64\release\stlwriter.obj
d:\workproject\dentalortho_project\project\graphics\x64\release\importerstl.obj
d:\workproject\dentalortho_project\project\graphics\x64\release\sn3diomanager.obj
d:\workproject\dentalortho_project\project\graphics\x64\release\plylib.obj
d:\workproject\dentalortho_project\project\graphics\x64\release\importerply.obj
d:\workproject\dentalortho_project\project\graphics\x64\release\objwriter.obj
d:\workproject\dentalortho_project\project\graphics\x64\release\importerobj.obj
d:\workproject\dentalortho_project\project\graphics\x64\release\meshiofilter.obj
d:\workproject\dentalortho_project\project\graphics\x64\release\basewriter.obj
d:\workproject\dentalortho_project\project\graphics\x64\release\basereader.obj
d:\workproject\dentalortho_project\project\graphics\x64\release\importerasc.obj
d:\workproject\dentalortho_project\project\graphics\x64\release\ascwriter.obj
d:\workproject\dentalortho_project\project\graphics\x64\release\sn3drenderer.obj
d:\workproject\dentalortho_project\project\graphics\x64\release\sn3dnewmeshrender.obj
d:\workproject\dentalortho_project\project\graphics\x64\release\sn3dmeshrenderer.obj
d:\workproject\dentalortho_project\project\graphics\x64\release\sn3dlinerenderer.obj
d:\workproject\dentalortho_project\project\graphics\x64\release\sn3dgeometryrenderer.obj
d:\workproject\dentalortho_project\project\graphics\x64\release\sn3dcurverenderer.obj
d:\workproject\dentalortho_project\project\graphics\x64\release\sn3dcirclerenderer.obj
d:\workproject\dentalortho_project\project\graphics\x64\release\scenesphereobj.obj
d:\workproject\dentalortho_project\project\graphics\x64\release\sceneobject.obj
d:\workproject\dentalortho_project\project\graphics\x64\release\scenemeshobj.obj
d:\workproject\dentalortho_project\project\graphics\x64\release\scenelineobj.obj
d:\workproject\dentalortho_project\project\graphics\x64\release\scenegeometryobj.obj
d:\workproject\dentalortho_project\project\graphics\x64\release\scenecurveobj.obj
d:\workproject\dentalortho_project\project\graphics\x64\release\glshape.obj
d:\workproject\dentalortho_project\project\graphics\x64\release\scenecolormeshobj.obj
d:\workproject\dentalortho_project\project\graphics\x64\release\scenecircleobj.obj
d:\workproject\dentalortho_project\project\graphics\x64\release\objectmotion.obj
d:\workproject\dentalortho_project\project\graphics\x64\release\axisicon.obj
d:\workproject\dentalortho_project\project\graphics\x64\release\trackmode.obj
d:\workproject\dentalortho_project\project\graphics\x64\release\trackball.obj
d:\workproject\dentalortho_project\project\graphics\x64\release\texturegl.obj
d:\workproject\dentalortho_project\project\graphics\x64\release\shader.obj
d:\workproject\dentalortho_project\project\graphics\x64\release\scenegl3d.obj
d:\workproject\dentalortho_project\project\graphics\x64\release\scenegl2d.obj
d:\workproject\dentalortho_project\project\graphics\x64\release\scenegl.obj
d:\workproject\dentalortho_project\project\graphics\x64\release\scenebaseobject.obj
d:\workproject\dentalortho_project\project\graphics\x64\release\phongshader.obj
d:\workproject\dentalortho_project\project\graphics\x64\release\opengldevice.obj
d:\workproject\dentalortho_project\project\graphics\x64\release\lightcolorgl.obj
d:\workproject\dentalortho_project\project\graphics\x64\release\interactorgl3d.obj
d:\workproject\dentalortho_project\project\graphics\x64\release\greyshader.obj
d:\workproject\dentalortho_project\project\graphics\x64\release\glslprogramobject.obj
d:\workproject\dentalortho_project\project\graphics\x64\release\gldrawfont.obj
d:\workproject\dentalortho_project\project\graphics\x64\release\camera.obj
d:\workproject\dentalortho_project\project\graphics\x64\release\sn3dsphererenderer.obj
d:\workproject\dentalortho_project\project\graphics\x64\release\splineshader.obj
d:\workproject\dentalortho_project\project\graphics\x64\release\normalcolorshader.obj
d:\workproject\dentalortho_project\project\graphics\x64\release\crystalshader.obj
d:\workproject\dentalortho_project\project\graphics\x64\release\sn3drangerenderer.obj
d:\workproject\dentalortho_project\project\graphics\x64\release\sn3dpointsrenderer.obj
d:\workproject\dentalortho_project\project\graphics\x64\release\scenerangeobj.obj
d:\workproject\dentalortho_project\project\graphics\x64\release\glprimitive.obj
d:\workproject\dentalortho_project\project\graphics\x64\release\scenepointsobj.obj
d:\workproject\dentalortho_project\project\graphics\x64\release\infobar.obj
d:\workproject\dentalortho_project\project\graphics\x64\release\scenecoordsystemobj.obj
d:\workproject\dentalortho_project\project\graphics\x64\release\colorbar.obj
d:\workproject\dentalortho_project\project\graphics\x64\release\uniformgrid.obj
d:\workproject\dentalortho_project\project\graphics\x64\release\spatialsubdivision.obj
d:\workproject\dentalortho_project\project\graphics\x64\release\spacegrid.obj
d:\workproject\dentalortho_project\project\graphics\x64\release\kdtree2.obj
d:\workproject\dentalortho_project\project\graphics\x64\release\curvature.obj
d:\workproject\dentalortho_project\project\graphics\x64\release\rangedata.obj
d:\workproject\dentalortho_project\lib\x64\graphics.lib
d:\workproject\dentalortho_project\project\graphics\..\..\lib\x64\graphics.lib
d:\workproject\dentalortho_project\project\graphics\x64\release\graphics.tlog\cl.command.1.tlog
d:\workproject\dentalortho_project\project\graphics\x64\release\graphics.tlog\cl.read.1.tlog
d:\workproject\dentalortho_project\project\graphics\x64\release\graphics.tlog\cl.write.1.tlog
d:\workproject\dentalortho_project\project\graphics\x64\release\graphics.tlog\lib-link.read.1.tlog
d:\workproject\dentalortho_project\project\graphics\x64\release\graphics.tlog\lib-link.write.1.tlog
d:\workproject\dentalortho_project\project\graphics\x64\release\graphics.tlog\lib.command.1.tlog
