d:\myproject\dlllibrary\fillhole\fillhole\x64\debug\vc143.pdb
d:\myproject\dlllibrary\fillhole\fillhole\x64\debug\vc143.idb
d:\myproject\dlllibrary\fillhole\fillhole\x64\debug\fillholeinterface.obj
d:\myproject\dlllibrary\fillhole\fillhole\x64\debug\fillhole.obj
d:\myproject\dlllibrary\fillhole\fillhole\x64\debug\spacebox.obj
d:\myproject\dlllibrary\fillhole\fillhole\x64\debug\pointsdata.obj
d:\myproject\dlllibrary\fillhole\fillhole\x64\debug\meshtopology.obj
d:\myproject\dlllibrary\fillhole\fillhole\x64\debug\meshdata.obj
d:\workproject\dentalortho_project\output\bin\x64_中文测试qml\fillhole.dll
d:\workproject\dentalortho_project\output\bin\x64_中文测试qml\fillhole.pdb
d:\workproject\dentalortho_project\output\bin\x64_中文测试qml\fillhole.lib
d:\workproject\dentalortho_project\output\bin\x64_中文测试qml\fillhole.exp
d:\myproject\dlllibrary\fillhole\fillhole\x64\debug\fillhole.ilk
d:\myproject\dlllibrary\fillhole\fillhole\x64\debug\fillhole.tlog\cl.command.1.tlog
d:\myproject\dlllibrary\fillhole\fillhole\x64\debug\fillhole.tlog\cl.items.tlog
d:\myproject\dlllibrary\fillhole\fillhole\x64\debug\fillhole.tlog\cl.read.1.tlog
d:\myproject\dlllibrary\fillhole\fillhole\x64\debug\fillhole.tlog\cl.write.1.tlog
d:\myproject\dlllibrary\fillhole\fillhole\x64\debug\fillhole.tlog\link.command.1.tlog
d:\myproject\dlllibrary\fillhole\fillhole\x64\debug\fillhole.tlog\link.read.1.tlog
d:\myproject\dlllibrary\fillhole\fillhole\x64\debug\fillhole.tlog\link.secondary.1.tlog
d:\myproject\dlllibrary\fillhole\fillhole\x64\debug\fillhole.tlog\link.write.1.tlog
