d:\workproject\dentalortho_project\project\graphics\x64\release_debugging\graphics.pch
d:\workproject\dentalortho_project\project\graphics\x64\release_debugging\graphics.pdb
d:\workproject\dentalortho_project\project\graphics\x64\release_debugging\stdafx.obj
d:\workproject\dentalortho_project\project\graphics\x64\release_debugging\sparsemat.obj
d:\workproject\dentalortho_project\project\graphics\x64\release_debugging\pca.obj
d:\workproject\dentalortho_project\project\graphics\x64\release_debugging\matrixeigen.obj
d:\workproject\dentalortho_project\project\graphics\x64\release_debugging\spacebox.obj
d:\workproject\dentalortho_project\project\graphics\x64\release_debugging\pointsdata.obj
d:\workproject\dentalortho_project\project\graphics\x64\release_debugging\meshdata.obj
d:\workproject\dentalortho_project\project\graphics\x64\release_debugging\meshtopology.obj
d:\workproject\dentalortho_project\project\graphics\x64\release_debugging\meshgrid.obj
d:\workproject\dentalortho_project\project\graphics\x64\release_debugging\stlwriter.obj
d:\workproject\dentalortho_project\project\graphics\x64\release_debugging\importerstl.obj
d:\workproject\dentalortho_project\project\graphics\x64\release_debugging\sn3diomanager.obj
d:\workproject\dentalortho_project\project\graphics\x64\release_debugging\plylib.obj
d:\workproject\dentalortho_project\project\graphics\x64\release_debugging\importerply.obj
d:\workproject\dentalortho_project\project\graphics\x64\release_debugging\objwriter.obj
d:\workproject\dentalortho_project\project\graphics\x64\release_debugging\importerobj.obj
d:\workproject\dentalortho_project\project\graphics\x64\release_debugging\meshiofilter.obj
d:\workproject\dentalortho_project\project\graphics\x64\release_debugging\basewriter.obj
d:\workproject\dentalortho_project\project\graphics\x64\release_debugging\basereader.obj
d:\workproject\dentalortho_project\project\graphics\x64\release_debugging\importerasc.obj
d:\workproject\dentalortho_project\project\graphics\x64\release_debugging\ascwriter.obj
d:\workproject\dentalortho_project\project\graphics\x64\release_debugging\sn3drenderer.obj
d:\workproject\dentalortho_project\project\graphics\x64\release_debugging\sn3dnewmeshrender.obj
d:\workproject\dentalortho_project\project\graphics\x64\release_debugging\sn3dmeshrenderer.obj
d:\workproject\dentalortho_project\project\graphics\x64\release_debugging\sn3dlinerenderer.obj
d:\workproject\dentalortho_project\project\graphics\x64\release_debugging\sn3dgeometryrenderer.obj
d:\workproject\dentalortho_project\project\graphics\x64\release_debugging\sn3dcurverenderer.obj
d:\workproject\dentalortho_project\project\graphics\x64\release_debugging\sn3dcirclerenderer.obj
d:\workproject\dentalortho_project\project\graphics\x64\release_debugging\scenesphereobj.obj
d:\workproject\dentalortho_project\project\graphics\x64\release_debugging\sceneobject.obj
d:\workproject\dentalortho_project\project\graphics\x64\release_debugging\scenemeshobj.obj
d:\workproject\dentalortho_project\project\graphics\x64\release_debugging\scenelineobj.obj
d:\workproject\dentalortho_project\project\graphics\x64\release_debugging\scenegeometryobj.obj
d:\workproject\dentalortho_project\project\graphics\x64\release_debugging\scenecurveobj.obj
d:\workproject\dentalortho_project\project\graphics\x64\release_debugging\glshape.obj
d:\workproject\dentalortho_project\project\graphics\x64\release_debugging\scenecolormeshobj.obj
d:\workproject\dentalortho_project\project\graphics\x64\release_debugging\scenecircleobj.obj
d:\workproject\dentalortho_project\project\graphics\x64\release_debugging\objectmotion.obj
d:\workproject\dentalortho_project\project\graphics\x64\release_debugging\axisicon.obj
d:\workproject\dentalortho_project\project\graphics\x64\release_debugging\trackmode.obj
d:\workproject\dentalortho_project\project\graphics\x64\release_debugging\trackball.obj
d:\workproject\dentalortho_project\project\graphics\x64\release_debugging\texturegl.obj
d:\workproject\dentalortho_project\project\graphics\x64\release_debugging\shader.obj
d:\workproject\dentalortho_project\project\graphics\x64\release_debugging\scenegl3d.obj
d:\workproject\dentalortho_project\project\graphics\x64\release_debugging\scenegl2d.obj
d:\workproject\dentalortho_project\project\graphics\x64\release_debugging\scenegl.obj
d:\workproject\dentalortho_project\project\graphics\x64\release_debugging\scenebaseobject.obj
d:\workproject\dentalortho_project\project\graphics\x64\release_debugging\phongshader.obj
d:\workproject\dentalortho_project\project\graphics\x64\release_debugging\opengldevice.obj
d:\workproject\dentalortho_project\project\graphics\x64\release_debugging\lightcolorgl.obj
d:\workproject\dentalortho_project\project\graphics\x64\release_debugging\interactorgl3d.obj
d:\workproject\dentalortho_project\project\graphics\x64\release_debugging\greyshader.obj
d:\workproject\dentalortho_project\project\graphics\x64\release_debugging\glslprogramobject.obj
d:\workproject\dentalortho_project\project\graphics\x64\release_debugging\gldrawfont.obj
d:\workproject\dentalortho_project\project\graphics\x64\release_debugging\camera.obj
d:\workproject\dentalortho_project\project\graphics\x64\release_debugging\sn3dsphererenderer.obj
d:\workproject\dentalortho_project\project\graphics\x64\release_debugging\splineshader.obj
d:\workproject\dentalortho_project\project\graphics\x64\release_debugging\normalcolorshader.obj
d:\workproject\dentalortho_project\project\graphics\x64\release_debugging\crystalshader.obj
d:\workproject\dentalortho_project\project\graphics\x64\release_debugging\sn3drangerenderer.obj
d:\workproject\dentalortho_project\project\graphics\x64\release_debugging\sn3dpointsrenderer.obj
d:\workproject\dentalortho_project\project\graphics\x64\release_debugging\scenerangeobj.obj
d:\workproject\dentalortho_project\project\graphics\x64\release_debugging\glprimitive.obj
d:\workproject\dentalortho_project\project\graphics\x64\release_debugging\scenepointsobj.obj
d:\workproject\dentalortho_project\project\graphics\x64\release_debugging\infobar.obj
d:\workproject\dentalortho_project\project\graphics\x64\release_debugging\scenecoordsystemobj.obj
d:\workproject\dentalortho_project\project\graphics\x64\release_debugging\colorbar.obj
d:\workproject\dentalortho_project\project\graphics\x64\release_debugging\uniformgrid.obj
d:\workproject\dentalortho_project\project\graphics\x64\release_debugging\spatialsubdivision.obj
d:\workproject\dentalortho_project\project\graphics\x64\release_debugging\spacegrid.obj
d:\workproject\dentalortho_project\project\graphics\x64\release_debugging\kdtree2.obj
d:\workproject\dentalortho_project\project\graphics\x64\release_debugging\curvature.obj
d:\workproject\dentalortho_project\project\graphics\x64\release_debugging\rangedata.obj
d:\workproject\dentalortho_project\lib\x64\graphics.lib
d:\workproject\dentalortho_project\project\graphics\..\..\lib\x64\graphics.lib
d:\workproject\dentalortho_project\project\graphics\x64\release_debugging\graphics.tlog\cl.command.1.tlog
d:\workproject\dentalortho_project\project\graphics\x64\release_debugging\graphics.tlog\cl.read.1.tlog
d:\workproject\dentalortho_project\project\graphics\x64\release_debugging\graphics.tlog\cl.write.1.tlog
d:\workproject\dentalortho_project\project\graphics\x64\release_debugging\graphics.tlog\lib-link.read.1.tlog
d:\workproject\dentalortho_project\project\graphics\x64\release_debugging\graphics.tlog\lib-link.write.1.tlog
d:\workproject\dentalortho_project\project\graphics\x64\release_debugging\graphics.tlog\lib.command.1.tlog
